<?xml version="1.0" encoding="UTF-8"?>
<testng-results skipped="0" failed="0" total="1" passed="1">
  <reporter-output>
  </reporter-output>
  <suite name="Default suite" duration-ms="14858" started-at="2020-09-15T14:39:29Z" finished-at="2020-09-15T14:39:44Z">
    <groups>
    </groups>
    <test name="Default test" duration-ms="14858" started-at="2020-09-15T14:39:29Z" finished-at="2020-09-15T14:39:44Z">
      <class name="com.test.testngtest.testngbasics">
        <test-method status="PASS" signature="launch()[pri:0, instance:com.test.testngtest.testngbasics@2fc14f68]" name="launch" is-config="true" duration-ms="4265" started-at="2020-09-15T20:09:29Z" finished-at="2020-09-15T20:09:33Z">
          <reporter-output>
          </reporter-output>
        </test-method> <!-- launch -->
        <test-method status="PASS" signature="navigate()[pri:0, instance:com.test.testngtest.testngbasics@2fc14f68]" name="navigate" duration-ms="10580" started-at="2020-09-15T20:09:33Z" finished-at="2020-09-15T20:09:44Z">
          <reporter-output>
          </reporter-output>
        </test-method> <!-- navigate -->
      </class> <!-- com.test.testngtest.testngbasics -->
    </test> <!-- Default test -->
  </suite> <!-- Default suite -->
</testng-results>
